Tue May 13 19:57:48 UTC 2025: 	Extracting 18
Tue May 13 19:57:48 UTC 2025: 		Table FILES.FISCALDAYPVO set to be skipped
Tue May 13 19:57:48 UTC 2025: 		Table FILES.FNDTREEANDVERSIONVO set to be skipped
Tue May 13 19:57:48 UTC 2025: 		Table FILES.FNDTREENODEEXTRACTPVO set to be skipped
Tue May 13 19:57:48 UTC 2025: 		Table FILES.FNDTREEVERSIONEXTRACTPVO set to be skipped
Tue May 13 19:57:48 UTC 2025: 		Table FILES.JOURNALENTRYLINEPVO set to be skipped
Tue May 13 19:57:48 UTC 2025: 		Table FILES.LEDGERSETASSIGNMENTEXTRACTPVO set to be skipped
Tue May 13 19:57:48 UTC 2025: 		Table FILES.SUBLEDGERTRANSACTIONHEADEREXTRACTPVO set to be skipped
Tue May 13 19:57:48 UTC 2025: 		Table FILES.SUBLEDGERTRANSACTIONLINEEXTRACTPVO set to be skipped
Tue May 13 19:57:48 UTC 2025: 		Table FILES.SUPPORTINGREFERENCEBALANCEPVO set to be skipped
Tue May 13 19:57:48 UTC 2025: 		Table FILES.SUPPORTINGREFERENCEEXTRACTPVO set to be skipped
Tue May 13 19:57:48 UTC 2025: 		Table FILES.SUPPORTINGREFERENCEPVO set to be skipped
Tue May 13 19:57:48 UTC 2025: 		Table FILES.SUPPORTINGREFERENCETLEXTRACTPVO set to be skipped
Tue May 13 19:57:48 UTC 2025: 		Table FILES.VALUESETVALUESPVO set to be skipped
Tue May 13 19:57:48 UTC 2025: 		Full Extract FILES.FLEX_BI_ACCOUNT_VI
Tue May 13 19:57:51 UTC 2025: 		Full Extract FILES.FLEX_BI_ACCOUNT_VI complete (24216 records)
Tue May 13 19:57:51 UTC 2025: 	Extracted 18
Tue May 13 19:57:52 UTC 2025: 	Load file 18
Tue May 13 19:57:55 UTC 2025: 		Creating table xxc_isw.FLEX_BI_ACCOUNT_VI...
Tue May 13 19:57:56 UTC 2025: 		Created table xxc_isw.FLEX_BI_ACCOUNT_VI
Tue May 13 19:58:01 UTC 2025: 			Submitted process for xxc_isw.FLEX_BI_ACCOUNT_VI
Tue May 13 19:58:01 UTC 2025: 		Loading table xxc_isw.FLEX_BI_ACCOUNT_VI with 24,216 records(19,697,794 bytes) - MultiLoad
Tue May 13 19:58:01 UTC 2025: 			Created new connection oracle.jdbc.driver.T4CConnection@1d01d1b7
Tue May 13 19:58:02 UTC 2025: 		Checking table xxc_isw.STG_FLEX_BI_ACCOUNT_VI...
Tue May 13 19:58:23 UTC 2025: 		Info(RL872): Table FLEX_BI_ACCOUNT_VI Stats(Src=24216/0/0 Dst=24216/0/0)
Tue May 13 19:58:23 UTC 2025: 		Loaded table xxc_isw.FLEX_BI_ACCOUNT_VI(0 of 1 left)
Tue May 13 19:58:23 UTC 2025: 	Loaded file 18
Mon May 26 00:00:07 UTC 2025: Licence expired
Mon May 26 00:01:07 UTC 2025: Licence expired
Mon May 26 00:02:08 UTC 2025: Licence expired
Mon May 26 00:03:08 UTC 2025: Licence expired
Mon May 26 00:04:08 UTC 2025: Licence expired
Mon May 26 00:05:09 UTC 2025: Licence expired
Mon May 26 00:06:09 UTC 2025: Licence expired
Mon May 26 00:07:09 UTC 2025: Licence expired
Mon May 26 00:08:10 UTC 2025: Licence expired
Mon May 26 00:09:10 UTC 2025: Licence expired
Mon May 26 00:10:10 UTC 2025: Licence expired
Mon May 26 00:11:11 UTC 2025: Licence expired
Mon May 26 00:12:11 UTC 2025: Licence expired
Mon May 26 00:13:11 UTC 2025: Licence expired
Mon May 26 00:14:12 UTC 2025: Licence expired
Mon May 26 00:15:12 UTC 2025: Licence expired
Mon May 26 00:16:13 UTC 2025: Licence expired
Mon May 26 00:17:13 UTC 2025: Licence expired
Mon May 26 00:18:13 UTC 2025: Licence expired
Mon May 26 00:19:13 UTC 2025: Licence expired
Mon May 26 00:20:14 UTC 2025: Licence expired
Mon May 26 00:21:14 UTC 2025: Licence expired
Mon May 26 00:22:15 UTC 2025: Licence expired
Mon May 26 00:23:15 UTC 2025: Licence expired
Mon May 26 00:24:15 UTC 2025: Licence expired
Mon May 26 00:25:16 UTC 2025: Licence expired
Mon May 26 00:26:16 UTC 2025: Licence expired
Mon May 26 00:27:16 UTC 2025: Licence expired
Mon May 26 00:28:17 UTC 2025: Licence expired
Mon May 26 00:29:17 UTC 2025: Licence expired
Mon May 26 00:30:17 UTC 2025: Licence expired
Mon May 26 00:31:17 UTC 2025: Licence expired
Mon May 26 00:32:18 UTC 2025: Licence expired
Mon May 26 00:33:18 UTC 2025: Licence expired
Mon May 26 00:34:18 UTC 2025: Licence expired
Mon May 26 00:35:19 UTC 2025: Licence expired
Mon May 26 00:36:19 UTC 2025: Licence expired
Mon May 26 00:37:19 UTC 2025: Licence expired
Mon May 26 00:38:20 UTC 2025: Licence expired
Mon May 26 00:39:20 UTC 2025: Licence expired
Mon May 26 00:40:20 UTC 2025: Licence expired
Mon May 26 00:41:21 UTC 2025: Licence expired
Mon May 26 00:42:21 UTC 2025: Licence expired
Mon May 26 00:43:21 UTC 2025: Licence expired
Mon May 26 00:44:22 UTC 2025: Licence expired
Mon May 26 00:45:22 UTC 2025: Licence expired
Mon May 26 00:46:22 UTC 2025: Licence expired
Mon May 26 00:47:23 UTC 2025: Licence expired
Mon May 26 00:48:23 UTC 2025: Licence expired
